{
  "RSpec": {
    "coverage": {
      "/Users/theaveryrodriguez/turing_work/2mod/projects/new_relational_rails/pocket_monsters/config/environment.rb": {
        "lines": [
          null,
          1,
          null,
          null,
          1
        ]
      },
      "/Users/theaveryrodriguez/turing_work/2mod/projects/new_relational_rails/pocket_monsters/config/application.rb": {
        "lines": [
          1,
          null,
          1,
          null,
          1,
          1,
          1,
          1,
          1,
          1,
          1,
          1,
          1,
          1,
          null,
          null,
          null,
          null,
          1,
          null,
          1,
          1,
          null,
          1,
          null,
          null,
          null,
          null,
          null,
          null,
          null,
          null,
          null,
          null,
          1,
          null,
          null
        ]
      },
      "/Users/theaveryrodriguez/turing_work/2mod/projects/new_relational_rails/pocket_monsters/config/boot.rb": {
        "lines": [
          1,
          null,
          1,
          1
        ]
      },
      "/Users/theaveryrodriguez/turing_work/2mod/projects/new_relational_rails/pocket_monsters/config/environments/test.rb": {
        "lines": [
          1,
          null,
          null,
          null,
          null,
          null,
          null,
          1,
          null,
          null,
          null,
          1,
          null,
          null,
          null,
          null,
          1,
          null,
          null,
          1,
          1,
          null,
          null,
          null,
          null,
          1,
          1,
          1,
          null,
          null,
          1,
          null,
          null,
          1,
          null,
          null,
          1,
          null,
          1,
          null,
          null,
          null,
          null,
          1,
          null,
          null,
          1,
          null,
          null,
          1,
          null,
          null,
          1,
          null,
          null,
          null,
          null,
          null,
          null,
          null
        ]
      },
      "/Users/theaveryrodriguez/turing_work/2mod/projects/new_relational_rails/pocket_monsters/config/initializers/assets.rb": {
        "lines": [
          null,
          null,
          null,
          1,
          null,
          null,
          null,
          null,
          null,
          null,
          null,
          null
        ]
      },
      "/Users/theaveryrodriguez/turing_work/2mod/projects/new_relational_rails/pocket_monsters/config/initializers/content_security_policy.rb": {
        "lines": [
          null,
          null,
          null,
          null,
          null,
          null,
          null,
          null,
          null,
          null,
          null,
          null,
          null,
          null,
          null,
          null,
          null,
          null,
          null,
          null,
          null,
          null,
          null,
          null,
          null
        ]
      },
      "/Users/theaveryrodriguez/turing_work/2mod/projects/new_relational_rails/pocket_monsters/config/initializers/filter_parameter_logging.rb": {
        "lines": [
          null,
          null,
          null,
          null,
          null,
          1,
          null,
          null
        ]
      },
      "/Users/theaveryrodriguez/turing_work/2mod/projects/new_relational_rails/pocket_monsters/config/initializers/inflections.rb": {
        "lines": [
          null,
          null,
          null,
          null,
          null,
          null,
          null,
          null,
          null,
          null,
          null,
          null,
          null,
          null,
          null,
          null
        ]
      },
      "/Users/theaveryrodriguez/turing_work/2mod/projects/new_relational_rails/pocket_monsters/config/initializers/permissions_policy.rb": {
        "lines": [
          null,
          null,
          null,
          null,
          null,
          null,
          null,
          null,
          null,
          null,
          null
        ]
      },
      "/Users/theaveryrodriguez/turing_work/2mod/projects/new_relational_rails/pocket_monsters/config/routes.rb": {
        "lines": [
          1,
          null,
          null,
          null,
          null,
          1,
          1,
          null,
          1,
          1,
          null,
          1,
          null
        ]
      },
      "/Users/theaveryrodriguez/turing_work/2mod/projects/new_relational_rails/pocket_monsters/app/helpers/application_helper.rb": {
        "lines": [
          1,
          null
        ]
      },
      "/Users/theaveryrodriguez/turing_work/2mod/projects/new_relational_rails/pocket_monsters/app/models/trainer.rb": {
        "lines": [
          1,
          1,
          null,
          1,
          1,
          1,
          null,
          1,
          2,
          null,
          null
        ]
      },
      "/Users/theaveryrodriguez/turing_work/2mod/projects/new_relational_rails/pocket_monsters/app/models/application_record.rb": {
        "lines": [
          1,
          1,
          null
        ]
      },
      "/Users/theaveryrodriguez/turing_work/2mod/projects/new_relational_rails/pocket_monsters/app/controllers/trainers_controller.rb": {
        "lines": [
          1,
          1,
          2,
          null,
          null,
          1,
          0,
          null,
          null
        ]
      },
      "/Users/theaveryrodriguez/turing_work/2mod/projects/new_relational_rails/pocket_monsters/app/controllers/application_controller.rb": {
        "lines": [
          1,
          null
        ]
      }
    },
    "timestamp": 1697157313
  }
}
